<?xml version="1.0" encoding="UTF-8"?>
<!-- Generated by org.testng.reporters.JUnitReportReporter -->
<testsuite hostname="MSI" failures="0" tests="1" name="data.DataProviderPage" time="0.269" errors="0" timestamp="12 Nov 2024 14:46:35 GMT" skipped="0">
  <testcase classname="data.DataProviderPage" name="testmain" time="0.269"/>
</testsuite> <!-- data.DataProviderPage -->
