<?xml version="1.0" encoding="UTF-8"?>
<!-- Generated by org.testng.reporters.JUnitReportReporter -->
<testsuite hostname="MSI" failures="0" tests="2" name="seleniumFrameworkProject.StandAloneTest" time="34.475" errors="0" timestamp="16 Nov 2024 05:33:47 GMT" skipped="0">
  <testcase classname="seleniumFrameworkProject.StandAloneTest" name="verifyOrder" time="14.792"/>
  <testcase classname="seleniumFrameworkProject.StandAloneTest" name="placeOrder" time="19.683"/>
</testsuite> <!-- seleniumFrameworkProject.StandAloneTest -->
