<?xml version="1.0" encoding="UTF-8"?>
<!-- Generated by org.testng.reporters.JUnitReportReporter -->
<testsuite hostname="MSI" failures="0" tests="1" name="seleniumFrameworkProject.SqlUtils.MysqlConnectorPage" time="0.924" errors="0" timestamp="2024-11-17T14:51:53 IST" skipped="0">
  <testcase classname="seleniumFrameworkProject.SqlUtils.MysqlConnectorPage" name="getSqlConnection" time="0.924"/>
  <system-out/>
</testsuite> <!-- seleniumFrameworkProject.SqlUtils.MysqlConnectorPage -->
