<?xml version="1.0" encoding="UTF-8"?>
<!-- Generated by org.testng.reporters.JUnitReportReporter -->
<testsuite hostname="MSI" failures="0" tests="1" name="seleniumFrameworkProject.LoginFailedValidation" time="15.410" errors="0" timestamp="16 Nov 2024 09:00:00 GMT" skipped="0">
  <testcase classname="seleniumFrameworkProject.LoginFailedValidation" name="verifyLoginFailed" time="15.410"/>
</testsuite> <!-- seleniumFrameworkProject.LoginFailedValidation -->
