<?xml version="1.0" encoding="UTF-8"?>
<!-- Generated by org.testng.reporters.JUnitReportReporter -->
<testsuite hostname="MSI" failures="0" tests="2" name="seleniumFrameworkProject.StandAloneTest" time="30.519" errors="0" timestamp="16 Nov 2024 09:00:00 GMT" skipped="0">
  <testcase classname="seleniumFrameworkProject.StandAloneTest" name="placeOrder" time="18.693"/>
  <testcase classname="seleniumFrameworkProject.StandAloneTest" name="verifyOrder" time="11.826"/>
</testsuite> <!-- seleniumFrameworkProject.StandAloneTest -->
